Using pre-set license
Built from '2020.3/china_unity/release' branch; Version is '2020.3.7f1c1 (98d1c84f5ffb) revision 10015176'; Using compiler version '192528614'; Build Type 'Release'
OS: 'Windows 10 Home China; OS build 19042.928; Version 2009; 64bit' Language: 'zh' Physical Memory: 16190 MB
BatchMode: 1, IsHumanControllingUs: 0, StartBugReporterOnCrash: 0, Is64bit: 1, IsPro: 0

 COMMAND LINE ARGUMENTS:
C:\Program Files\Unity\Hub\Editor\2020.3.7f1c1\Editor\Unity.exe
-adb2
-batchMode
-noUpm
-name
AssetImportWorker0
-projectPath
D:/code/unity/Monopoly
-logFile
Logs/AssetImportWorker0.log
-srvPort
13151
Successfully changed project path to: D:/code/unity/Monopoly
D:/code/unity/Monopoly
Using Asset Import Pipeline V2.
Refreshing native plugins compatible for Editor in 38.52 ms, found 1 plugins.
Preloading 0 native plugins for Editor in 0.00 ms.
Initialize engine version: 2020.3.7f1c1 (98d1c84f5ffb)
[Subsystems] Discovering subsystems at path C:/Program Files/Unity/Hub/Editor/2020.3.7f1c1/Editor/Data/Resources/UnitySubsystems
[Subsystems] Discovering subsystems at path D:/code/unity/Monopoly/Assets
GfxDevice: creating device client; threaded=0
Direct3D:
    Version:  Direct3D 11.0 [level 11.1]
    Renderer: NVIDIA GeForce GTX 1650 (ID=0x1f91)
    Vendor:   
    VRAM:     3962 MB
    Driver:   27.21.14.5763
Initialize mono
Mono path[0] = 'C:/Program Files/Unity/Hub/Editor/2020.3.7f1c1/Editor/Data/Managed'
Mono path[1] = 'C:/Program Files/Unity/Hub/Editor/2020.3.7f1c1/Editor/Data/MonoBleedingEdge/lib/mono/unityjit'
Mono config path = 'C:/Program Files/Unity/Hub/Editor/2020.3.7f1c1/Editor/Data/MonoBleedingEdge/etc'
Using monoOptions --debugger-agent=transport=dt_socket,embedding=1,server=y,suspend=n,address=127.0.0.1:56772
Begin MonoManager ReloadAssembly
Registering precompiled unity dll's ...
Register platform support module: C:/Program Files/Unity/Hub/Editor/2020.3.7f1c1/Editor/Data/PlaybackEngines/WindowsStandaloneSupport/UnityEditor.WindowsStandalone.Extensions.dll
Registered in 0.002696 seconds.
Native extension for WindowsStandalone target not found
Refreshing native plugins compatible for Editor in 43.19 ms, found 1 plugins.
Preloading 0 native plugins for Editor in 0.00 ms.
Mono: successfully reloaded assembly
- Completed reload, in  1.073 seconds
Platform modules already initialized, skipping
Registering precompiled user dll's ...
Registered in 0.000763 seconds.
Begin MonoManager ReloadAssembly
Native extension for WindowsStandalone target not found
Refreshing native plugins compatible for Editor in 42.70 ms, found 1 plugins.
Preloading 0 native plugins for Editor in 0.00 ms.
Mono: successfully reloaded assembly
- Completed reload, in  1.160 seconds
Platform modules already initialized, skipping
========================================================================
Worker process is ready to serve import requests
Launched and connected shader compiler UnityShaderCompiler.exe after 0.07 seconds
Refreshing native plugins compatible for Editor in 0.37 ms, found 1 plugins.
Preloading 0 native plugins for Editor in 0.00 ms.
Unloading 1809 Unused Serialized files (Serialized files now loaded: 0)
System memory in use before: 87.4 MB.
System memory in use after: 87.5 MB.

Unloading 19 unused Assets to reduce memory usage. Loaded Objects now: 2258.
Total: 3.108900 ms (FindLiveObjects: 0.469700 ms CreateObjectMapping: 0.238500 ms MarkObjects: 2.325000 ms  DeleteObjects: 0.073700 ms)

========================================================================
Received Import Request.
  path: Assets/Prefabs/movePressed.prefab
  artifactKey: Guid(3c648c22c319b504ca11f32c93c12c1d) Importer(815301076,1909f56bfc062723c751e8b465ee728b)
Start importing Assets/Prefabs/movePressed.prefab using Guid(3c648c22c319b504ca11f32c93c12c1d) Importer(815301076,1909f56bfc062723c751e8b465ee728b)  -> (artifact id: '4f50104e608b15566e9a69691c654a07') in 0.078982 seconds
  Import took 0.084581 seconds .

========================================================================
Received Import Request.
  Time since last request: 0.000303 seconds.
  path: Assets/Prefabs/Dice.prefab
  artifactKey: Guid(f142f2379c8ec0742a3a5ab306edc7c7) Importer(815301076,1909f56bfc062723c751e8b465ee728b)
Start importing Assets/Prefabs/Dice.prefab using Guid(f142f2379c8ec0742a3a5ab306edc7c7) Importer(815301076,1909f56bfc062723c751e8b465ee728b)  -> (artifact id: 'c8d0b3014eb293322db673ade6d24a1a') in 0.007393 seconds
  Import took 0.010826 seconds .

========================================================================
Received Import Request.
  Time since last request: 0.010292 seconds.
  path: Assets/Prefabs/Dice.prefab
  artifactKey: Guid(f142f2379c8ec0742a3a5ab306edc7c7) Importer(815301076,1909f56bfc062723c751e8b465ee728b)
Start importing Assets/Prefabs/Dice.prefab using Guid(f142f2379c8ec0742a3a5ab306edc7c7) Importer(815301076,1909f56bfc062723c751e8b465ee728b)  -> (artifact id: 'c8d0b3014eb293322db673ade6d24a1a') in 0.003476 seconds
  Import took 0.007188 seconds .

========================================================================
Received Import Request.
  Time since last request: 0.804523 seconds.
  path: Assets/Prefabs/playerNow.prefab
  artifactKey: Guid(1d5fa8876de67d9468667143ae4ddb38) Importer(815301076,1909f56bfc062723c751e8b465ee728b)
Start importing Assets/Prefabs/playerNow.prefab using Guid(1d5fa8876de67d9468667143ae4ddb38) Importer(815301076,1909f56bfc062723c751e8b465ee728b)  -> (artifact id: '09b4d02768bdccaf272858730003c05a') in 0.002835 seconds
  Import took 0.005275 seconds .

========================================================================
Received Import Request.
  Time since last request: 0.001567 seconds.
  path: Assets/Prefabs/playerNow.prefab
  artifactKey: Guid(1d5fa8876de67d9468667143ae4ddb38) Importer(815301076,1909f56bfc062723c751e8b465ee728b)
Start importing Assets/Prefabs/playerNow.prefab using Guid(1d5fa8876de67d9468667143ae4ddb38) Importer(815301076,1909f56bfc062723c751e8b465ee728b)  -> (artifact id: '09b4d02768bdccaf272858730003c05a') in 0.002489 seconds
  Import took 0.004672 seconds .

========================================================================
Received Import Request.
  Time since last request: 38.043857 seconds.
  path: Assets/Prefabs
  artifactKey: Guid(7a7596b08f8de3e49a384d947ee1c7b0) Importer(815301076,1909f56bfc062723c751e8b465ee728b)
Start importing Assets/Prefabs using Guid(7a7596b08f8de3e49a384d947ee1c7b0) Importer(815301076,1909f56bfc062723c751e8b465ee728b)  -> (artifact id: '8aa6e0e8f816c87a2f03b3f0460eccd5') in 0.001704 seconds
  Import took 0.004290 seconds .

AssetImportWorkerClient::OnTransportError - code=2 error=End of file
